<?xml version="1.0" encoding="UTF-8"?>
<testng-results ignored="0" total="3" passed="3" failed="0" skipped="0">
  <reporter-output>
  </reporter-output>
  <suite started-at="2022-05-23T10:25:53 GMT+05:30" name="Suite" finished-at="2022-05-23T10:26:37 GMT+05:30" duration-ms="44462">
    <groups>
    </groups>
    <test started-at="2022-05-23T10:25:53 GMT+05:30" name="Test" finished-at="2022-05-23T10:26:37 GMT+05:30" duration-ms="44462">
      <class name="test.Product">
        <test-method signature="Tset3()[pri:0, instance:test.Product@7bab3f1a]" started-at="2022-05-23T10:25:53 GMT+05:30" name="Tset3" finished-at="2022-05-23T10:26:03 GMT+05:30" duration-ms="9921" status="PASS">
          <reporter-output>
          </reporter-output>
        </test-method> <!-- Tset3 -->
      </class> <!-- test.Product -->
      <class name="test.Order">
        <test-method signature="Tset2()[pri:0, instance:test.Order@4b8ee4de]" started-at="2022-05-23T10:26:03 GMT+05:30" name="Tset2" finished-at="2022-05-23T10:26:29 GMT+05:30" duration-ms="26304" status="PASS">
          <reporter-output>
          </reporter-output>
        </test-method> <!-- Tset2 -->
      </class> <!-- test.Order -->
      <class name="test.Login">
        <test-method signature="Tset1()[pri:0, instance:test.Login@27f981c6]" started-at="2022-05-23T10:26:29 GMT+05:30" name="Tset1" finished-at="2022-05-23T10:26:37 GMT+05:30" duration-ms="8138" status="PASS">
          <reporter-output>
          </reporter-output>
        </test-method> <!-- Tset1 -->
      </class> <!-- test.Login -->
    </test> <!-- Test -->
  </suite> <!-- Suite -->
</testng-results>
